<?xml version="1.0" encoding="UTF-8"?><testsuite errors="1" failures="0" name="Log in web page Codepen.io" skipped="0" tests="1" time="1.14" timestamp="2020-10-18 06:37:29"><testcase name="Log in form of web page Codepen.io"><error message="Arity mismatch: Step Definition 'co.com.test.stepdefinitions.LogInStepDefinitions.i_want_to_log_in_page_Codepen(String) in file:/Users/usuario/Documents/Automatizaciones/Login%20Codepen/build/classes/java/test/' with pattern [^I want to log in page Codepen$] is declared with 1 parameters. However, the gherkin step has 0 arguments []. &#10;Step text: I want to log in page Codepen" type="cucumber.runtime.CucumberException">Arity mismatch: Step Definition 'co.com.test.stepdefinitions.LogInStepDefinitions.i_want_to_log_in_page_Codepen(String) in file:/Users/usuario/Documents/Automatizaciones/Login%20Codepen/build/classes/java/test/' with pattern [^I want to log in page Codepen$] is declared with 1 parameters. However, the gherkin step has 0 arguments []. 
Step text: I want to log in page Codepen</error><system-err>Arity mismatch: Step Definition 'co.com.test.stepdefinitions.LogInStepDefinitions.i_want_to_log_in_page_Codepen(String) in file:/Users/usuario/Documents/Automatizaciones/Login%20Codepen/build/classes/java/test/' with pattern [^I want to log in page Codepen$] is declared with 1 parameters. However, the gherkin step has 0 arguments []. 
Step text: I want to log in page Codepen
cucumber.runner.Runner.runPickle(Runner.java:80)
</system-err></testcase></testsuite>