<?xml version="1.0" encoding="UTF-8"?><testsuite errors="1" failures="0" name="Log in web page Codepen.io" skipped="0" tests="1" time="1.32" timestamp="2020-10-19 12:40:14"><testcase name="Log in web page Codepen successful"><error type="java.lang.NullPointerException"/><system-err>null
org.apache.commons.lang3.SystemUtils.isJavaVersionAtLeast(SystemUtils.java:1654)
org.apache.commons.lang3.ClassUtils.isAssignable(ClassUtils.java:760)
co.com.test.tasks.OpenPage.performAs(OpenPage.java:16)
co.com.test.stepdefinitions.LogInStepDefinitions.stephanie_has_an_active_account(LogInStepDefinitions.java:25)
java.base/jdk.internal.reflect.NativeMethodAccessorImpl.invoke0(Native Method)
java.base/jdk.internal.reflect.NativeMethodAccessorImpl.invoke(NativeMethodAccessorImpl.java:62)
java.base/jdk.internal.reflect.DelegatingMethodAccessorImpl.invoke(DelegatingMethodAccessorImpl.java:43)
cucumber.runner.Runner.runPickle(Runner.java:80)
</system-err></testcase></testsuite>